[20:13:06] [main/WARN] (FabricLoader/Knot) Class path entries reference missing files: E:\MINECRAFT MODS\CobbleExtraData\fabric\build\classes\kotlin\main - the game may not load properly!
[20:13:06] [main/INFO] (FabricLoader/GameProvider) Loading Minecraft 1.21.1 with Fabric Loader 0.16.10
[20:13:07] [main/INFO] (FabricLoader) Loading 62 mods:
	- cobblemon 1.6.1+1.21.1
	- cobblemon_multiplatform_mdk 1.0.0-SNAPSHOT
	- fabric-api 0.115.1+1.21.1
	- fabric-api-base 0.4.42+6573ed8c19
	- fabric-api-lookup-api-v1 1.6.70+b559734419
	- fabric-biome-api-v1 13.0.31+d527f9fd19
	- fabric-block-api-v1 1.0.22+0af3f5a719
	- fabric-block-view-api-v2 1.0.10+6573ed8c19
	- fabric-blockrenderlayer-v1 1.1.52+0af3f5a719
	- fabric-client-tags-api-v1 1.1.15+6573ed8c19
	- fabric-command-api-v1 1.2.49+f71b366f19
	- fabric-command-api-v2 2.2.28+6ced4dd919
	- fabric-commands-v0 0.2.66+df3654b319
	- fabric-content-registries-v0 8.0.18+b559734419
	- fabric-convention-tags-v1 2.1.3+7f945d5b19
	- fabric-convention-tags-v2 2.10.0+9465b64419
	- fabric-crash-report-info-v1 0.2.29+0af3f5a719
	- fabric-data-attachment-api-v1 1.4.1+9ed317f519
	- fabric-data-generation-api-v1 20.2.26+16c4ae2519
	- fabric-dimensions-v1 4.0.0+6fc22b9919
	- fabric-entity-events-v1 1.7.0+2122d82819
	- fabric-events-interaction-v0 0.7.13+ba9dae0619
	- fabric-game-rule-api-v1 1.0.53+6ced4dd919
	- fabric-gametest-api-v1 2.0.5+6fc22b9919
	- fabric-item-api-v1 11.1.1+d5debaed19
	- fabric-item-group-api-v1 4.1.6+6823f7cd19
	- fabric-key-binding-api-v1 1.0.47+0af3f5a719
	- fabric-keybindings-v0 0.2.45+df3654b319
	- fabric-language-kotlin 1.12.3+kotlin.2.0.21
	- fabric-lifecycle-events-v1 2.5.0+01d9a51c19
	- fabric-loot-api-v2 3.0.15+3f89f5a519
	- fabric-loot-api-v3 1.0.3+3f89f5a519
	- fabric-message-api-v1 6.0.13+6573ed8c19
	- fabric-model-loading-api-v1 2.0.0+fe474d6b19
	- fabric-networking-api-v1 4.3.0+c7469b2119
	- fabric-object-builder-api-v1 15.2.1+40875a9319
	- fabric-particles-v1 4.0.2+6573ed8c19
	- fabric-recipe-api-v1 5.0.14+248df81c19
	- fabric-registry-sync-v0 5.2.0+34f5d91419
	- fabric-renderer-api-v1 3.4.0+c705a49c19
	- fabric-renderer-indigo 1.7.0+c705a49c19
	- fabric-renderer-registries-v1 3.2.68+df3654b319
	- fabric-rendering-data-attachment-v1 0.3.48+73761d2e19
	- fabric-rendering-fluids-v1 3.1.6+1daea21519
	- fabric-rendering-v0 1.1.71+df3654b319
	- fabric-rendering-v1 5.0.5+df16efd019
	- fabric-resource-conditions-api-v1 4.3.0+8dc279b119
	- fabric-resource-loader-v0 1.3.1+5b5275af19
	- fabric-screen-api-v1 2.0.25+8b68f1c719
	- fabric-screen-handler-api-v1 1.3.88+b559734419
	- fabric-sound-api-v1 1.0.23+6573ed8c19
	- fabric-transfer-api-v1 5.4.2+c24bd99419
	- fabric-transitive-access-wideners-v1 6.2.0+45b9699719
	- fabricloader 0.16.10
	- generated_0ade9ce 1.0.0
	- generated_c90e654 1.0.0
	- generated_f154f2e 1.0.0
	- java 21
	- minecraft 1.21.1
	- mixinextras 0.4.1
	- modmenu 11.0.3
	   \-- placeholder-api 2.4.0-pre.2+1.21
[20:13:13] [main/INFO] (FabricLoader/Mixin) SpongePowered MIXIN Subsystem Version=0.8.7 Source=file:/C:/Users/home%20pc/.gradle/caches/modules-2/files-2.1/net.fabricmc/sponge-mixin/0.15.4+mixin.0.8.7/6a12aacc794f1078458433116e9ed42c1cc98096/sponge-mixin-0.15.4+mixin.0.8.7.jar Service=Knot/Fabric Env=CLIENT
[20:13:13] [main/INFO] (FabricLoader/Mixin) Loaded Fabric development mappings for mixin remapper!
[20:13:13] [main/INFO] (FabricLoader/Mixin) Compatibility level set to JAVA_17
[20:13:13] [main/INFO] (FabricLoader/Mixin) Compatibility level set to JAVA_21
[20:13:14] [main/WARN] (FabricLoader/Mixin) Error loading class: juuxel/adorn/block/variant/BlockVariantSets (java.lang.ClassNotFoundException: juuxel/adorn/block/variant/BlockVariantSets)
[20:13:14] [main/WARN] (FabricLoader/Mixin) @Mixin target juuxel.adorn.block.variant.BlockVariantSets was not found mixins.cobblemon-common.json:invoker.AdornRegisterInvoker from mod cobblemon
[20:13:15] [main/INFO] (FabricLoader/MixinExtras|Service) Initializing MixinExtras via com.llamalad7.mixinextras.service.MixinExtrasServiceImpl(version=0.4.1).
[20:13:16] [Datafixer Bootstrap/INFO] (Minecraft) 226 Datafixer optimizations took 539 milliseconds
[20:13:23] [Render thread/INFO] (Minecraft) Environment: Environment[sessionHost=https://sessionserver.mojang.com, servicesHost=https://api.minecraftservices.com, name=PROD]
[20:13:23] [Render thread/INFO] (Minecraft) Setting user: Player734
[20:13:23] [Render thread/INFO] (Cobblemon) Booting LaxPermissionValidator, permissions will be checked using Minecrafts permission level system, see https://minecraft.fandom.com/wiki/Permission_level
[20:13:23] [Render thread/INFO] (Cobblemon) Launching Cobblemon 1.6.1 
[20:13:24] [Render thread/ERROR] (Minecraft) No data fixer registered for cobblemon:pokemon
[20:13:24] [Render thread/ERROR] (Minecraft) No data fixer registered for cobblemon:empty_pokeball
[20:13:24] [Render thread/ERROR] (Minecraft) No data fixer registered for cobblemon:boat
[20:13:24] [Render thread/ERROR] (Minecraft) No data fixer registered for cobblemon:chest_boat
[20:13:24] [Render thread/ERROR] (Minecraft) No data fixer registered for cobblemon:poke_bobber
[20:13:24] [Render thread/ERROR] (Minecraft) No data fixer registered for cobblemon:generic_bedrock
[20:13:24] [Render thread/ERROR] (Minecraft) No data fixer registered for cobblemon:npc
[20:13:25] [Render thread/INFO] (Cobblemon) Starting the Best Spawner...
[20:13:25] [Render thread/INFO] (Cobblemon) Loaded 7 spawning condition types.
[20:13:25] [Render thread/INFO] (Cobblemon) Loaded 6 spawning context types.
[20:13:25] [Render thread/INFO] (Cobblemon) Loaded 2 spawn detail types.
[20:13:25] [Cobblemon Showdown/INFO] (Cobblemon) Starting showdown service...
[20:13:27] [Cobblemon Showdown/INFO] (Cobblemon) Showdown has been started!
[20:13:27] [Render thread/INFO] (Cobblemon) Note: Cobblemon data registries are only loaded once per server instance as Pokémon species are not safe to reload.
[20:13:27] [Render thread/INFO] (Cobblemon) Registered the cobblemon:molang registry
[20:13:27] [Render thread/INFO] (Cobblemon) Registered the cobblemon:species_features registry
[20:13:27] [Render thread/INFO] (Cobblemon) Registered the cobblemon:global_species_features registry
[20:13:27] [Render thread/INFO] (Cobblemon) Registered the cobblemon:species_feature_assignments registry
[20:13:27] [Render thread/INFO] (Cobblemon) Registered the cobblemon:action_effects registry
[20:13:27] [Render thread/INFO] (Cobblemon) Registered the cobblemon:moves registry
[20:13:27] [Render thread/INFO] (Cobblemon) Registered the cobblemon:abilities registry
[20:13:27] [Render thread/INFO] (Cobblemon) Registered the cobblemon:brain_presets registry
[20:13:27] [Render thread/INFO] (Cobblemon) Registered the cobblemon:species registry
[20:13:27] [Render thread/INFO] (Cobblemon) Registered the cobblemon:species_additions registry
[20:13:27] [Render thread/INFO] (Cobblemon) Registered the cobblemon:pokeballs registry
[20:13:27] [Render thread/INFO] (Cobblemon) Registered the cobblemon:properties_tab_completion registry
[20:13:27] [Render thread/INFO] (Cobblemon) Registered the cobblemon:spawn_detail_presets registry
[20:13:27] [Render thread/INFO] (Cobblemon) Registered the cobblemon:spawn_rules registry
[20:13:27] [Render thread/INFO] (Cobblemon) Registered the cobblemon:mechanics registry
[20:13:27] [Render thread/INFO] (Cobblemon) Registered the cobblemon:bag_items registry
[20:13:27] [Render thread/INFO] (Cobblemon) Registered the cobblemon:dialogues registry
[20:13:27] [Render thread/INFO] (Cobblemon) Registered the cobblemon:natural_materials registry
[20:13:27] [Render thread/INFO] (Cobblemon) Registered the cobblemon:fossils registry
[20:13:27] [Render thread/INFO] (Cobblemon) Registered the cobblemon:npc_preset registry
[20:13:27] [Render thread/INFO] (Cobblemon) Registered the cobblemon:npc registry
[20:13:27] [Render thread/INFO] (Cobblemon) Registered the cobblemon:dex_entries registry
[20:13:27] [Render thread/INFO] (Cobblemon) Registered the cobblemon:dex_entry_additions registry
[20:13:27] [Render thread/INFO] (Cobblemon) Registered the cobblemon:dexes registry
[20:13:27] [Render thread/INFO] (Cobblemon) Registered the cobblemon:dex_additions registry
[20:13:27] [Render thread/INFO] (Cobblemon) Registered the cobblemon:flows registry
[20:13:27] [Render thread/INFO] (Cobblemon) Registered the cobblemon:spawn_pool_world registry
[20:13:27] [Render thread/INFO] (Cobblemon) Registered the cobblemon:pokerods registry
[20:13:27] [Render thread/INFO] (Cobblemon) Registered the cobblemon:berries registry
[20:13:27] [Render thread/INFO] (Cobblemon) Registered the cobblemon:fishing_baits registry
[20:13:28] [Render thread/INFO] (Cobblemon) Initializing Cobblemon client
[20:13:28] [Render thread/INFO] (Cobblemon) Registering Pokémon renderer
[20:13:28] [Render thread/INFO] (Cobblemon) Registering PokéBall renderer
[20:13:28] [Render thread/INFO] (Cobblemon) Registering Boat renderer
[20:13:28] [Render thread/INFO] (Cobblemon) Registering Boat with Chest renderer
[20:13:28] [Render thread/INFO] (Cobblemon) Registering Generic Bedrock renderer
[20:13:28] [Render thread/INFO] (Cobblemon) Registering Generic Bedrock Entity renderer
[20:13:28] [Render thread/INFO] (Cobblemon) Registering PokeRod Bobber renderer
[20:13:28] [Render thread/INFO] (Cobblemon) Registering NPC renderer
[20:13:28] [Render thread/INFO] (Cobblemon) Registering custom BuiltinItemRenderers
[20:13:28] [Render thread/INFO] (Indigo) [Indigo] Registering Indigo renderer!
[20:13:28] [Render thread/INFO] (Mod Menu/Update Checker) Checking mod updates...
[20:13:28] [Render thread/INFO] (Minecraft) Backend library: LWJGL version 3.3.3-snapshot
[20:13:30] [Render thread/INFO] (Minecraft) Reloading ResourceManager: vanilla, fabric, cobblemon, fabric-api, fabric-api-base, fabric-api-lookup-api-v1, fabric-biome-api-v1, fabric-block-api-v1, fabric-block-view-api-v2, fabric-blockrenderlayer-v1, fabric-client-tags-api-v1, fabric-command-api-v1, fabric-command-api-v2, fabric-commands-v0, fabric-content-registries-v0, fabric-convention-tags-v1, fabric-convention-tags-v2, fabric-crash-report-info-v1, fabric-data-attachment-api-v1, fabric-data-generation-api-v1, fabric-dimensions-v1, fabric-entity-events-v1, fabric-events-interaction-v0, fabric-game-rule-api-v1, fabric-gametest-api-v1, fabric-item-api-v1, fabric-item-group-api-v1, fabric-key-binding-api-v1, fabric-keybindings-v0, fabric-language-kotlin, fabric-lifecycle-events-v1, fabric-loot-api-v2, fabric-loot-api-v3, fabric-message-api-v1, fabric-model-loading-api-v1, fabric-networking-api-v1, fabric-object-builder-api-v1, fabric-particles-v1, fabric-recipe-api-v1, fabric-registry-sync-v0, fabric-renderer-api-v1, fabric-renderer-indigo, fabric-renderer-registries-v1, fabric-rendering-data-attachment-v1, fabric-rendering-fluids-v1, fabric-rendering-v0, fabric-rendering-v1, fabric-resource-conditions-api-v1, fabric-resource-loader-v0, fabric-screen-api-v1, fabric-screen-handler-api-v1, fabric-sound-api-v1, fabric-transfer-api-v1, fabric-transitive-access-wideners-v1, fabricloader, modmenu, cobblemon:regionbiasforms, cobblemon:gyaradosjump
[20:13:30] [Worker-Main-4/INFO] (Minecraft) Found unifont_all_no_pua-15.1.05.hex, loading
[20:13:30] [Worker-Main-8/INFO] (Minecraft) Found unifont_jp_patch-15.1.05.hex, loading
[20:13:30] [Worker-Main-10/WARN] (Minecraft) Texture cobblemon:block/razz_sprout with size 8x4 limits mip level from 4 to 2
[20:13:30] [Worker-Main-10/WARN] (Minecraft) minecraft:textures/atlas/blocks.png: dropping miplevel from 4 to 2, because of minimum power of two: 4
[20:13:32] [Render thread/WARN] (Minecraft) Missing sound for event: minecraft:item.goat_horn.play
[20:13:32] [Render thread/WARN] (Minecraft) Missing sound for event: minecraft:entity.goat.screaming.horn_break
[20:13:33] [Render thread/INFO] (Minecraft) OpenAL initialized on device OpenAL Soft on Headphones (High Definition Audio Device)
[20:13:33] [Render thread/INFO] (Minecraft) Sound engine started
[20:13:33] [Render thread/INFO] (Minecraft) Created: 1024x1024x2 minecraft:textures/atlas/blocks.png-atlas
[20:13:33] [Render thread/INFO] (Minecraft) Created: 256x256x4 minecraft:textures/atlas/signs.png-atlas
[20:13:33] [Render thread/INFO] (Minecraft) Created: 512x512x4 minecraft:textures/atlas/shield_patterns.png-atlas
[20:13:33] [Render thread/INFO] (Minecraft) Created: 512x512x4 minecraft:textures/atlas/banner_patterns.png-atlas
[20:13:33] [Render thread/INFO] (Minecraft) Created: 2048x1024x4 minecraft:textures/atlas/armor_trims.png-atlas
[20:13:33] [Render thread/INFO] (Minecraft) Created: 128x128x4 minecraft:textures/atlas/decorated_pot.png-atlas
[20:13:33] [Render thread/INFO] (Minecraft) Created: 256x256x4 minecraft:textures/atlas/chest.png-atlas
[20:13:33] [Render thread/INFO] (Minecraft) Created: 512x256x4 minecraft:textures/atlas/beds.png-atlas
[20:13:33] [Render thread/INFO] (Minecraft) Created: 512x256x4 minecraft:textures/atlas/shulker_boxes.png-atlas
[20:13:33] [Render thread/INFO] (Minecraft) Created: 2048x2048x0 minecraft:textures/atlas/particles.png-atlas
[20:13:33] [Render thread/WARN] (Minecraft) Missing particle sprites: cobblemon:shiny_sparkle_rainbow
[20:13:33] [Render thread/INFO] (Minecraft) Created: 512x256x0 minecraft:textures/atlas/paintings.png-atlas
[20:13:33] [Render thread/INFO] (Minecraft) Created: 256x128x0 minecraft:textures/atlas/mob_effects.png-atlas
[20:13:33] [Render thread/INFO] (Minecraft) Created: 64x64x0 minecraft:textures/atlas/map_decorations.png-atlas
[20:13:33] [Render thread/INFO] (Minecraft) Created: 1024x512x0 minecraft:textures/atlas/gui.png-atlas
[20:13:33] [Render thread/WARN] (Minecraft) Shader cobblemon:particle_add could not find sampler named Sampler2 in the specified shader program.
[20:13:33] [Render thread/WARN] (Minecraft) Shader cobblemon:particle_cutout could not find sampler named Sampler2 in the specified shader program.
[20:13:33] [Render thread/WARN] (Minecraft) Shader rendertype_entity_cutout could not find uniform named IViewRotMat in the specified shader program.
[20:13:33] [Render thread/WARN] (Minecraft) Shader rendertype_entity_translucent could not find uniform named IViewRotMat in the specified shader program.
[20:13:33] [Render thread/WARN] (Minecraft) Shader rendertype_entity_translucent_emissive could not find sampler named Sampler2 in the specified shader program.
[20:13:33] [Render thread/INFO] (Minecraft) Created: 128x128x0 cobblemon:textures/atlas/berries.png-atlas
[20:13:33] [Render thread/INFO] (Cobblemon) Loading assets...
[20:13:33] [Render thread/INFO] (Cobblemon) Loading particle effects...
[20:13:33] [Render thread/INFO] (Cobblemon) Loaded 607 particle effects
[20:13:33] [Render thread/INFO] (Cobblemon) Loading animations...
[20:13:36] [Render thread/INFO] (Cobblemon) Loaded 5768 animations from 808 animation groups
[20:13:36] [Render thread/INFO] (Cobblemon) Loading Pokémon assets...
[20:13:36] [Render thread/INFO] (Cobblemon) Loaded 879 Pokémon models.
[20:13:37] [Render thread/INFO] (Cobblemon) Loaded 780 Pokémon posers.
[20:13:37] [Render thread/INFO] (Cobblemon) Loaded 2064 Pokémon variations.
[20:13:37] [Render thread/INFO] (Cobblemon) Loading Poké Ball assets...
[20:13:37] [Render thread/INFO] (Cobblemon) Loaded 2 Poké Ball models.
[20:13:37] [Render thread/INFO] (Cobblemon) Loaded 48 Poké Ball posers.
[20:13:37] [Render thread/INFO] (Cobblemon) Loaded 49 Poké Ball variations.
[20:13:37] [Render thread/INFO] (Cobblemon) Loading NPC assets...
[20:13:37] [Render thread/INFO] (Cobblemon) Loaded 4 NPC models.
[20:13:37] [Render thread/INFO] (Cobblemon) Loaded 1 NPC posers.
[20:13:37] [Render thread/INFO] (Cobblemon) Loaded 6 NPC variations.
[20:13:37] [Render thread/INFO] (Cobblemon) Loading Fossil Pokémon assets...
[20:13:37] [Render thread/INFO] (Cobblemon) Loaded 19 Fossil Pokémon models.
[20:13:37] [Render thread/INFO] (Cobblemon) Loaded 19 Fossil Pokémon posers.
[20:13:37] [Render thread/INFO] (Cobblemon) Loaded 19 Fossil Pokémon variations.
[20:13:37] [Render thread/INFO] (Cobblemon) Loading Block Entity assets...
[20:13:37] [Render thread/INFO] (Cobblemon) Loaded 1 Block Entity models.
[20:13:37] [Render thread/INFO] (Cobblemon) Loaded 1 Block Entity posers.
[20:13:37] [Render thread/INFO] (Cobblemon) Loaded 14 Block Entity variations.
[20:13:37] [Render thread/INFO] (Cobblemon) Loading Generic assets...
[20:13:37] [Render thread/INFO] (Cobblemon) Loaded 1 Generic models.
[20:13:37] [Render thread/INFO] (Cobblemon) Loaded 1 Generic posers.
[20:13:37] [Render thread/INFO] (Cobblemon) Loaded 1 Generic variations.
[20:13:37] [Render thread/INFO] (Cobblemon) Loaded 71 berry models
[20:13:37] [Render thread/INFO] (Cobblemon) Loaded 5 misc models
[20:13:37] [Render thread/INFO] (Cobblemon) Loaded assets
[20:13:42] [Render thread/ERROR] (Mod Menu | FabricIconHandler) Invalid mod icon for icon source cobblemon_multiplatform_mdk: assets/example/icon.png
java.nio.file.NoSuchFileException: E:\MINECRAFT MODS\CobbleExtraData\fabric\build\resources\main\assets\example\icon.png
	at java.base/sun.nio.fs.WindowsException.translateToIOException(WindowsException.java:85) ~[?:?]
	at java.base/sun.nio.fs.WindowsException.rethrowAsIOException(WindowsException.java:103) ~[?:?]
	at java.base/sun.nio.fs.WindowsException.rethrowAsIOException(WindowsException.java:108) ~[?:?]
	at java.base/sun.nio.fs.WindowsFileSystemProvider.newByteChannel(WindowsFileSystemProvider.java:234) ~[?:?]
	at java.base/java.nio.file.Files.newByteChannel(Files.java:380) ~[?:?]
	at java.base/java.nio.file.Files.newByteChannel(Files.java:432) ~[?:?]
	at java.base/java.nio.file.spi.FileSystemProvider.newInputStream(FileSystemProvider.java:420) ~[?:?]
	at java.base/java.nio.file.Files.newInputStream(Files.java:160) ~[?:?]
	at knot/com.terraformersmc.modmenu.util.mod.fabric.FabricIconHandler.createIcon(FabricIconHandler.java:34) ~[modmenu-11.0.3-64b5720b4b825f21.jar:?]
	at knot/com.terraformersmc.modmenu.util.mod.fabric.FabricMod.getIcon(FabricMod.java:169) ~[modmenu-11.0.3-64b5720b4b825f21.jar:?]
	at knot/com.terraformersmc.modmenu.gui.widget.entries.ModListEntry.getIconTexture(ModListEntry.java:192) ~[modmenu-11.0.3-64b5720b4b825f21.jar:?]
	at knot/com.terraformersmc.modmenu.gui.widget.entries.ModListEntry.render(ModListEntry.java:72) ~[modmenu-11.0.3-64b5720b4b825f21.jar:?]
	at knot/com.terraformersmc.modmenu.gui.widget.ModListWidget.renderListItems(ModListWidget.java:261) ~[modmenu-11.0.3-64b5720b4b825f21.jar:?]
	at knot/net.minecraft.client.gui.components.AbstractSelectionList.renderWidget(AbstractSelectionList.java:188) ~[minecraft-merged-0eff8007b2-1.21.1-loom.mappings.1_21_1.layered+hash.40359-v2.jar:?]
	at knot/net.minecraft.client.gui.components.AbstractWidget.render(AbstractWidget.java:66) ~[minecraft-merged-0eff8007b2-1.21.1-loom.mappings.1_21_1.layered+hash.40359-v2.jar:?]
	at knot/com.terraformersmc.modmenu.gui.ModsScreen.render(ModsScreen.java:305) ~[modmenu-11.0.3-64b5720b4b825f21.jar:?]
	at knot/net.minecraft.client.gui.screens.Screen.renderWithTooltip(Screen.java:117) ~[minecraft-merged-0eff8007b2-1.21.1-loom.mappings.1_21_1.layered+hash.40359-v2.jar:?]
	at knot/net.minecraft.client.renderer.GameRenderer.mixinextras$bridge$renderWithTooltip$180(GameRenderer.java) ~[minecraft-merged-0eff8007b2-1.21.1-loom.mappings.1_21_1.layered+hash.40359-v2.jar:?]
	at knot/net.minecraft.client.renderer.GameRenderer.wrapOperation$zlm000$fabric-screen-api-v1$onRenderScreen(GameRenderer.java:3086) [minecraft-merged-0eff8007b2-1.21.1-loom.mappings.1_21_1.layered+hash.40359-v2.jar:?]
	at knot/net.minecraft.client.renderer.GameRenderer.render(GameRenderer.java:913) [minecraft-merged-0eff8007b2-1.21.1-loom.mappings.1_21_1.layered+hash.40359-v2.jar:?]
	at knot/net.minecraft.client.Minecraft.runTick(Minecraft.java:1285) [minecraft-merged-0eff8007b2-1.21.1-loom.mappings.1_21_1.layered+hash.40359-v2.jar:?]
	at knot/net.minecraft.client.Minecraft.run(Minecraft.java:882) [minecraft-merged-0eff8007b2-1.21.1-loom.mappings.1_21_1.layered+hash.40359-v2.jar:?]
	at knot/net.minecraft.client.main.Main.main(Main.java:256) [minecraft-merged-0eff8007b2-1.21.1-loom.mappings.1_21_1.layered+hash.40359-v2.jar:?]
	at net.fabricmc.loader.impl.game.minecraft.MinecraftGameProvider.launch(MinecraftGameProvider.java:480) [fabric-loader-0.16.10.jar:?]
	at net.fabricmc.loader.impl.launch.knot.Knot.launch(Knot.java:74) [fabric-loader-0.16.10.jar:?]
	at net.fabricmc.loader.impl.launch.knot.KnotClient.main(KnotClient.java:23) [fabric-loader-0.16.10.jar:?]
	at net.fabricmc.devlaunchinjector.Main.main(Main.java:86) [dev-launch-injector-0.2.1+build.8.jar:?]
	at dev.architectury.transformer.TransformerRuntime.main(TransformerRuntime.java:220) [architectury-transformer-5.2.87-runtime.jar:5.2.87]
[20:13:42] [Render thread/WARN] (Mod Menu | FabricMod) Warning! Mod cobblemon_multiplatform_mdk has a broken icon, loading default icon
[20:13:53] [Render thread/INFO] (Minecraft) Loaded 1782 recipes
[20:13:53] [Render thread/INFO] (Minecraft) Loaded 1925 advancements
[20:13:53] [Render thread/INFO] (Cobblemon) Loaded 5 server scripts and 1 client scripts
[20:14:00] [Render thread/INFO] (Cobblemon) Loaded 936 moves
[20:14:00] [Render thread/INFO] (Cobblemon) Loaded 314 abilities
[20:14:01] [Render thread/INFO] (Cobblemon) Finished additions
[20:14:01] [cobblemon Datafixer Bootstrap/INFO] (Minecraft) 2 Datafixer optimizations took 1 milliseconds
[20:14:03] [Render thread/INFO] (Cobblemon) Imported 259 held item IDs from showdown
[20:14:03] [Render thread/INFO] (Cobblemon) Loaded 1025 Pokémon species
[20:14:03] [Render thread/INFO] (Cobblemon) Loaded 25 spawn detail presets.
[20:14:03] [Render thread/INFO] (Cobblemon) Starting dummy Showdown battle to force it to pre-load data.
[20:14:03] [Render thread/INFO] (Cobblemon) Loaded 15 fossils
[20:14:04] [Render thread/ERROR] (ModNioResourcePack) Invalid path in mod resource-pack cobblemon: cobblemon:dex_entry_additions/README.md, ignoring
[20:14:04] [Render thread/ERROR] (ModNioResourcePack) Invalid path in mod resource-pack cobblemon: cobblemon:dex_additions/README.md, ignoring
[20:14:04] [Render thread/INFO] (Cobblemon) Loaded 1 flows and 0 client flows
[20:14:04] [Render thread/INFO] (Cobblemon) Loaded 69 berries
[20:14:06] [Render thread/INFO] (BiomeModificationImpl) Applied 541 biome modifications to 64 of 64 new biomes in 15.34 ms
[20:14:06] [Server thread/INFO] (Minecraft) Starting integrated minecraft server version 1.21.1
[20:14:06] [Server thread/INFO] (Minecraft) Generating keypair
[20:14:11] [Server thread/INFO] (Minecraft) Preparing start region for dimension minecraft:overworld
[20:14:11] [Render thread/INFO] (Minecraft) Preparing spawn area: 2%
[20:14:12] [Render thread/INFO] (Minecraft) Preparing spawn area: 2%
[20:14:12] [Render thread/INFO] (Minecraft) Preparing spawn area: 2%
[20:14:13] [Render thread/INFO] (Minecraft) Preparing spawn area: 18%
[20:14:13] [Render thread/INFO] (Minecraft) Preparing spawn area: 51%
[20:14:14] [Render thread/INFO] (Minecraft) Preparing spawn area: 51%
[20:14:14] [Render thread/INFO] (Minecraft) Time elapsed: 2764 ms
[20:14:14] [Server thread/WARN] (TranslationConventionLogWarnings) 
	Dev warning - Untranslated Item Tags detected. Please translate your item tags so other mods such as recipe viewers can properly display your tag's name.
	The format desired is tag.item.<namespace>.<path> for the translation key with slashes in path turned into periods.
	To disable this message, set this system property in your runs: `-Dfabric-tag-conventions-v2.missingTagTranslationWarning=SILENCED`.
	To see individual untranslated item tags found, set the system property to `-Dfabric-tag-conventions-v2.missingTagTranslationWarning=VERBOSE`.
	Default is `SHORT`.

[20:14:14] [Server thread/INFO] (Minecraft) Changing view distance to 12, from 10
[20:14:14] [Server thread/INFO] (Minecraft) Changing simulation distance to 12, from 0
[20:14:15] [Server thread/INFO] (Minecraft) Player734[local:E:a917bf94] logged in with entity id 9 at (151.5, 73.0, -183.5)
[20:14:15] [Server thread/INFO] (Minecraft) Player734 joined the game
[20:14:16] [Render thread/INFO] (Minecraft) Loaded 2 advancements
[20:14:21] [Server thread/INFO] (Minecraft) Saving and pausing game...
[20:14:21] [Server thread/INFO] (Minecraft) Saving chunks for level 'ServerLevel[New World]'/minecraft:overworld
[20:14:22] [Server thread/INFO] (Minecraft) Saving chunks for level 'ServerLevel[New World]'/minecraft:the_end
[20:14:22] [Server thread/INFO] (Minecraft) Saving chunks for level 'ServerLevel[New World]'/minecraft:the_nether
[20:14:24] [Server thread/INFO] (Minecraft) Player734 has made the advancement [The World of Cobblemon!]
[20:14:24] [Render thread/INFO] (Minecraft) [System] [CHAT] Player734 has made the advancement [The World of Cobblemon!]
[20:14:24] [Render thread/INFO] (Minecraft) Loaded 16 advancements
[20:14:33] [Server thread/INFO] (Minecraft) Player734 has made the advancement [The First of Many]
[20:14:33] [Server thread/INFO] (Minecraft) [Player734: Gave 1 [Master Ball] to Player734]
[20:14:33] [Render thread/INFO] (Minecraft) [System] [CHAT] Player734 has made the advancement [The First of Many]
[20:14:33] [Render thread/INFO] (Minecraft) [System] [CHAT] Gave 1 [Master Ball] to Player734
[20:14:33] [Render thread/INFO] (Minecraft) Loaded 31 advancements
[20:15:08] [Server thread/INFO] (Minecraft) Player734 has made the advancement [A New Friend!]
[20:15:08] [Server thread/INFO] (Minecraft) [STDOUT]: Pokémon caught on: 2025-02-23
[20:15:08] [Server thread/INFO] (Minecraft) [STDOUT]: Pokémon caught in biome: minecraft:stony_shore
[20:15:08] [Render thread/INFO] (Minecraft) [System] [CHAT] Player734 has made the advancement [A New Friend!]
[20:15:08] [Render thread/INFO] (Minecraft) Loaded 35 advancements
[20:15:24] [Render thread/INFO] (Minecraft) Loaded 46 advancements
[20:15:31] [Render thread/WARN] (Minecraft) Unable to play empty soundEvent: minecraft:entity.tropical_fish.ambient
[20:15:58] [Server thread/INFO] (Minecraft) [Player734: Gave 1 [Master Ball] to Player734]
[20:15:58] [Render thread/INFO] (Minecraft) [System] [CHAT] Gave 1 [Master Ball] to Player734
[20:16:07] [Server thread/INFO] (Minecraft) [STDOUT]: Pokémon caught on: 2025-02-23
[20:16:07] [Server thread/INFO] (Minecraft) [STDOUT]: Pokémon caught in biome: minecraft:stony_shore
[20:17:47] [Server thread/INFO] (Minecraft) Saving and pausing game...
[20:17:47] [Server thread/INFO] (Minecraft) Saving chunks for level 'ServerLevel[New World]'/minecraft:overworld
[20:17:47] [Server thread/INFO] (Minecraft) Saving chunks for level 'ServerLevel[New World]'/minecraft:the_end
[20:17:47] [Server thread/INFO] (Minecraft) Saving chunks for level 'ServerLevel[New World]'/minecraft:the_nether
[20:17:48] [Server thread/INFO] (Minecraft) Player734 lost connection: Disconnected
[20:17:48] [Server thread/INFO] (Minecraft) Player734 left the game
[20:17:48] [Server thread/INFO] (Minecraft) Stopping singleplayer server as player logged out
[20:17:48] [Server thread/INFO] (Minecraft) Stopping server
[20:17:48] [Server thread/INFO] (Minecraft) Saving players
[20:17:48] [Server thread/INFO] (Minecraft) Saving worlds
[20:17:49] [Server thread/INFO] (Minecraft) Saving chunks for level 'ServerLevel[New World]'/minecraft:overworld
[20:17:50] [Server thread/INFO] (Minecraft) Saving chunks for level 'ServerLevel[New World]'/minecraft:the_end
[20:17:50] [Server thread/INFO] (Minecraft) Saving chunks for level 'ServerLevel[New World]'/minecraft:the_nether
[20:17:50] [Server thread/INFO] (Minecraft) ThreadedAnvilChunkStorage (New World (1)): All chunks are saved
[20:17:50] [Server thread/INFO] (Minecraft) ThreadedAnvilChunkStorage (DIM1): All chunks are saved
[20:17:50] [Server thread/INFO] (Minecraft) ThreadedAnvilChunkStorage (DIM-1): All chunks are saved
[20:17:50] [Server thread/INFO] (Minecraft) ThreadedAnvilChunkStorage: All dimensions are saved
[20:17:53] [Render thread/INFO] (Minecraft) Loaded 1782 recipes
[20:17:53] [Render thread/INFO] (Minecraft) Loaded 1925 advancements
[20:17:53] [Render thread/INFO] (Cobblemon) Loaded 5 server scripts and 1 client scripts
[20:17:57] [Render thread/INFO] (Cobblemon) Loaded 936 moves
[20:17:57] [Render thread/INFO] (Cobblemon) Loaded 314 abilities
[20:17:57] [Render thread/INFO] (Cobblemon) Finished additions
[20:17:59] [Render thread/INFO] (Cobblemon) Imported 259 held item IDs from showdown
[20:17:59] [Render thread/INFO] (Cobblemon) Loaded 1025 Pokémon species
[20:17:59] [Render thread/INFO] (Cobblemon) Loaded 25 spawn detail presets.
[20:17:59] [Render thread/INFO] (Cobblemon) Starting dummy Showdown battle to force it to pre-load data.
[20:18:00] [Render thread/INFO] (Cobblemon) Loaded 15 fossils
[20:18:00] [Render thread/ERROR] (ModNioResourcePack) Invalid path in mod resource-pack cobblemon: cobblemon:dex_entry_additions/README.md, ignoring
[20:18:00] [Render thread/ERROR] (ModNioResourcePack) Invalid path in mod resource-pack cobblemon: cobblemon:dex_additions/README.md, ignoring
[20:18:00] [Render thread/INFO] (Cobblemon) Loaded 1 flows and 0 client flows
[20:18:00] [Render thread/INFO] (Cobblemon) Loaded 69 berries
[20:18:01] [Render thread/INFO] (BiomeModificationImpl) Applied 541 biome modifications to 64 of 64 new biomes in 8.647 ms
[20:18:01] [Server thread/INFO] (Minecraft) Starting integrated minecraft server version 1.21.1
[20:18:01] [Server thread/INFO] (Minecraft) Generating keypair
[20:18:02] [Server thread/INFO] (Minecraft) Preparing start region for dimension minecraft:overworld
[20:18:02] [Render thread/INFO] (Minecraft) Preparing spawn area: 0%
[20:18:02] [Render thread/INFO] (Minecraft) Time elapsed: 257 ms
[20:18:03] [Server thread/WARN] (TranslationConventionLogWarnings) 
	Dev warning - Untranslated Item Tags detected. Please translate your item tags so other mods such as recipe viewers can properly display your tag's name.
	The format desired is tag.item.<namespace>.<path> for the translation key with slashes in path turned into periods.
	To disable this message, set this system property in your runs: `-Dfabric-tag-conventions-v2.missingTagTranslationWarning=SILENCED`.
	To see individual untranslated item tags found, set the system property to `-Dfabric-tag-conventions-v2.missingTagTranslationWarning=VERBOSE`.
	Default is `SHORT`.

[20:18:03] [Server thread/INFO] (Minecraft) Changing view distance to 12, from 10
[20:18:03] [Server thread/INFO] (Minecraft) Changing simulation distance to 12, from 0
[20:18:03] [Server thread/INFO] (Minecraft) Player734[local:E:71d8b6bc] logged in with entity id 3164 at (65.0803050110219, 93.0, -741.8956239935846)
[20:18:04] [Server thread/INFO] (Minecraft) Player734 joined the game
[20:18:04] [Render thread/INFO] (Minecraft) Loaded 46 advancements
[20:19:50] [Server thread/INFO] (Minecraft) Saving and pausing game...
[20:19:50] [Server thread/INFO] (Minecraft) Saving chunks for level 'ServerLevel[New World]'/minecraft:overworld
[20:19:50] [Server thread/INFO] (Minecraft) Saving chunks for level 'ServerLevel[New World]'/minecraft:the_end
[20:19:50] [Server thread/INFO] (Minecraft) Saving chunks for level 'ServerLevel[New World]'/minecraft:the_nether
[20:20:04] [Render thread/WARN] (Minecraft) Unable to play empty soundEvent: cobblemon:battle.pvw.default
[20:20:06] [Render thread/INFO] (Minecraft) [System] [CHAT] Run away from the opposing Pokémon to flee and end the battle.
[20:20:13] [Render thread/INFO] (Minecraft) [System] [CHAT] The battle was fled.
[20:20:13] [Server thread/INFO] (Cobblemon) No battle could be found with the id: 43a20a76-8d37-4583-828f-0a72f45be6a3
[20:20:13] [Server thread/INFO] (Cobblemon) No battle could be found with the id: 43a20a76-8d37-4583-828f-0a72f45be6a3
[20:20:43] [Server thread/INFO] (Minecraft) Saving and pausing game...
[20:20:43] [Server thread/INFO] (Minecraft) Saving chunks for level 'ServerLevel[New World]'/minecraft:overworld
[20:20:43] [Server thread/INFO] (Minecraft) Saving chunks for level 'ServerLevel[New World]'/minecraft:the_end
[20:20:43] [Server thread/INFO] (Minecraft) Saving chunks for level 'ServerLevel[New World]'/minecraft:the_nether
[20:20:43] [Server thread/INFO] (Minecraft) Player734 lost connection: Disconnected
[20:20:43] [Server thread/INFO] (Minecraft) Player734 left the game
[20:20:43] [Server thread/INFO] (Minecraft) Stopping singleplayer server as player logged out
[20:20:43] [Server thread/INFO] (Minecraft) Stopping server
[20:20:43] [Server thread/INFO] (Minecraft) Saving players
[20:20:43] [Server thread/INFO] (Minecraft) Saving worlds
[20:20:44] [Server thread/INFO] (Minecraft) Saving chunks for level 'ServerLevel[New World]'/minecraft:overworld
[20:20:45] [Server thread/INFO] (Minecraft) Saving chunks for level 'ServerLevel[New World]'/minecraft:the_end
[20:20:45] [Server thread/INFO] (Minecraft) Saving chunks for level 'ServerLevel[New World]'/minecraft:the_nether
[20:20:45] [Server thread/INFO] (Minecraft) ThreadedAnvilChunkStorage (New World (1)): All chunks are saved
[20:20:45] [Server thread/INFO] (Minecraft) ThreadedAnvilChunkStorage (DIM1): All chunks are saved
[20:20:45] [Server thread/INFO] (Minecraft) ThreadedAnvilChunkStorage (DIM-1): All chunks are saved
[20:20:45] [Server thread/INFO] (Minecraft) ThreadedAnvilChunkStorage: All dimensions are saved
[20:20:50] [Render thread/INFO] (Minecraft) Reloading ResourceManager: vanilla, fabric, cobblemon, fabric-api, fabric-api-base, fabric-api-lookup-api-v1, fabric-biome-api-v1, fabric-block-api-v1, fabric-block-view-api-v2, fabric-blockrenderlayer-v1, fabric-client-tags-api-v1, fabric-command-api-v1, fabric-command-api-v2, fabric-commands-v0, fabric-content-registries-v0, fabric-convention-tags-v1, fabric-convention-tags-v2, fabric-crash-report-info-v1, fabric-data-attachment-api-v1, fabric-data-generation-api-v1, fabric-dimensions-v1, fabric-entity-events-v1, fabric-events-interaction-v0, fabric-game-rule-api-v1, fabric-gametest-api-v1, fabric-item-api-v1, fabric-item-group-api-v1, fabric-key-binding-api-v1, fabric-keybindings-v0, fabric-language-kotlin, fabric-lifecycle-events-v1, fabric-loot-api-v2, fabric-loot-api-v3, fabric-message-api-v1, fabric-model-loading-api-v1, fabric-networking-api-v1, fabric-object-builder-api-v1, fabric-particles-v1, fabric-recipe-api-v1, fabric-registry-sync-v0, fabric-renderer-api-v1, fabric-renderer-indigo, fabric-renderer-registries-v1, fabric-rendering-data-attachment-v1, fabric-rendering-fluids-v1, fabric-rendering-v0, fabric-rendering-v1, fabric-resource-conditions-api-v1, fabric-resource-loader-v0, fabric-screen-api-v1, fabric-screen-handler-api-v1, fabric-sound-api-v1, fabric-transfer-api-v1, fabric-transitive-access-wideners-v1, fabricloader, modmenu, cobblemon:regionbiasforms, cobblemon:gyaradosjump
[20:20:50] [Worker-Main-5/INFO] (Minecraft) Found unifont_all_no_pua-15.1.05.hex, loading
[20:20:50] [Worker-Main-5/INFO] (Minecraft) Found unifont_jp_patch-15.1.05.hex, loading
[20:20:50] [Worker-Main-2/WARN] (Minecraft) Texture cobblemon:block/razz_sprout with size 8x4 limits mip level from 4 to 2
[20:20:50] [Worker-Main-2/WARN] (Minecraft) minecraft:textures/atlas/blocks.png: dropping miplevel from 4 to 2, because of minimum power of two: 4
[20:20:53] [Render thread/WARN] (Minecraft) Missing sound for event: minecraft:item.goat_horn.play
[20:20:53] [Render thread/WARN] (Minecraft) Missing sound for event: minecraft:entity.goat.screaming.horn_break
[20:20:53] [Render thread/INFO] (Minecraft) OpenAL initialized on device OpenAL Soft on Headphones (High Definition Audio Device)
[20:20:53] [Render thread/INFO] (Minecraft) Sound engine started
[20:20:54] [Render thread/INFO] (Minecraft) Created: 1024x1024x2 minecraft:textures/atlas/blocks.png-atlas
[20:20:54] [Render thread/INFO] (Minecraft) Created: 256x256x4 minecraft:textures/atlas/signs.png-atlas
[20:20:54] [Render thread/INFO] (Minecraft) Created: 512x512x4 minecraft:textures/atlas/shield_patterns.png-atlas
[20:20:54] [Render thread/INFO] (Minecraft) Created: 512x512x4 minecraft:textures/atlas/banner_patterns.png-atlas
[20:20:54] [Render thread/INFO] (Minecraft) Created: 2048x1024x4 minecraft:textures/atlas/armor_trims.png-atlas
[20:20:54] [Render thread/INFO] (Minecraft) Created: 128x128x4 minecraft:textures/atlas/decorated_pot.png-atlas
[20:20:54] [Render thread/INFO] (Minecraft) Created: 256x256x4 minecraft:textures/atlas/chest.png-atlas
[20:20:54] [Render thread/INFO] (Minecraft) Created: 512x256x4 minecraft:textures/atlas/beds.png-atlas
[20:20:54] [Render thread/INFO] (Minecraft) Created: 512x256x4 minecraft:textures/atlas/shulker_boxes.png-atlas
[20:20:54] [Render thread/INFO] (Minecraft) Created: 2048x2048x0 minecraft:textures/atlas/particles.png-atlas
[20:20:54] [Render thread/WARN] (Minecraft) Missing particle sprites: cobblemon:shiny_sparkle_rainbow
[20:20:54] [Render thread/INFO] (Minecraft) Created: 512x256x0 minecraft:textures/atlas/paintings.png-atlas
[20:20:54] [Render thread/INFO] (Minecraft) Created: 256x128x0 minecraft:textures/atlas/mob_effects.png-atlas
[20:20:54] [Render thread/INFO] (Minecraft) Created: 64x64x0 minecraft:textures/atlas/map_decorations.png-atlas
[20:20:54] [Render thread/INFO] (Minecraft) Created: 1024x512x0 minecraft:textures/atlas/gui.png-atlas
[20:20:54] [Render thread/WARN] (Minecraft) Shader cobblemon:particle_add could not find sampler named Sampler2 in the specified shader program.
[20:20:54] [Render thread/WARN] (Minecraft) Shader cobblemon:particle_cutout could not find sampler named Sampler2 in the specified shader program.
[20:20:54] [Render thread/WARN] (Minecraft) Shader cobblemon:particle_add could not find sampler named Sampler2 in the specified shader program.
[20:20:54] [Render thread/WARN] (Minecraft) Shader cobblemon:particle_cutout could not find sampler named Sampler2 in the specified shader program.
[20:20:54] [Render thread/WARN] (Minecraft) Shader rendertype_entity_cutout could not find uniform named IViewRotMat in the specified shader program.
[20:20:54] [Render thread/WARN] (Minecraft) Shader rendertype_entity_translucent could not find uniform named IViewRotMat in the specified shader program.
[20:20:54] [Render thread/WARN] (Minecraft) Shader rendertype_entity_translucent_emissive could not find sampler named Sampler2 in the specified shader program.
[20:20:55] [Render thread/INFO] (Minecraft) Created: 128x128x0 cobblemon:textures/atlas/berries.png-atlas
[20:20:55] [Render thread/INFO] (Cobblemon) Loading assets...
[20:20:55] [Render thread/INFO] (Cobblemon) Loading particle effects...
[20:20:55] [Render thread/INFO] (Cobblemon) Loaded 607 particle effects
[20:20:55] [Render thread/INFO] (Cobblemon) Loading animations...
[20:20:57] [Render thread/INFO] (Cobblemon) Loaded 5768 animations from 808 animation groups
[20:20:57] [Render thread/INFO] (Cobblemon) Loading Pokémon assets...
[20:20:57] [Render thread/INFO] (Cobblemon) Loaded 879 Pokémon models.
[20:20:57] [Render thread/INFO] (Cobblemon) Loaded 780 Pokémon posers.
[20:20:57] [Render thread/INFO] (Cobblemon) Loaded 2064 Pokémon variations.
[20:20:57] [Render thread/INFO] (Cobblemon) Loading Poké Ball assets...
[20:20:57] [Render thread/INFO] (Cobblemon) Loaded 2 Poké Ball models.
[20:20:57] [Render thread/INFO] (Cobblemon) Loaded 48 Poké Ball posers.
[20:20:57] [Render thread/INFO] (Cobblemon) Loaded 49 Poké Ball variations.
[20:20:57] [Render thread/INFO] (Cobblemon) Loading NPC assets...
[20:20:57] [Render thread/INFO] (Cobblemon) Loaded 4 NPC models.
[20:20:57] [Render thread/INFO] (Cobblemon) Loaded 1 NPC posers.
[20:20:57] [Render thread/INFO] (Cobblemon) Loaded 6 NPC variations.
[20:20:57] [Render thread/INFO] (Cobblemon) Loading Fossil Pokémon assets...
[20:20:57] [Render thread/INFO] (Cobblemon) Loaded 19 Fossil Pokémon models.
[20:20:57] [Render thread/INFO] (Cobblemon) Loaded 19 Fossil Pokémon posers.
[20:20:57] [Render thread/INFO] (Cobblemon) Loaded 19 Fossil Pokémon variations.
[20:20:57] [Render thread/INFO] (Cobblemon) Loading Block Entity assets...
[20:20:57] [Render thread/INFO] (Cobblemon) Loaded 1 Block Entity models.
[20:20:57] [Render thread/INFO] (Cobblemon) Loaded 1 Block Entity posers.
[20:20:57] [Render thread/INFO] (Cobblemon) Loaded 14 Block Entity variations.
[20:20:57] [Render thread/INFO] (Cobblemon) Loading Generic assets...
[20:20:57] [Render thread/INFO] (Cobblemon) Loaded 1 Generic models.
[20:20:57] [Render thread/INFO] (Cobblemon) Loaded 1 Generic posers.
[20:20:57] [Render thread/INFO] (Cobblemon) Loaded 1 Generic variations.
[20:20:57] [Render thread/INFO] (Cobblemon) Loaded 71 berry models
[20:20:57] [Render thread/INFO] (Cobblemon) Loaded 5 misc models
[20:20:57] [Render thread/INFO] (Cobblemon) Loaded assets
[20:21:01] [Render thread/INFO] (Minecraft) Stopping!
